\BOOKMARK [1][-]{section.1}{}{}% 1
\BOOKMARK [1][-]{section.2}{}{}% 2
\BOOKMARK [1][-]{section.3}{}{}% 3
\BOOKMARK [1][-]{section.4}{}{}% 4
\BOOKMARK [1][-]{section.5}{}{}% 5
\BOOKMARK [1][-]{section.6}{}{}% 6
\BOOKMARK [1][-]{section.7}{}{}% 7
\BOOKMARK [1][-]{section.8}{Email\040to\040Jim}{}% 8
\BOOKMARK [1][-]{section.9}{Purposed\040password\040policy}{}% 9
\BOOKMARK [2][-]{subsection.1.1}{Overview}{section.9}% 10
\BOOKMARK [2][-]{subsection.1.2}{Purpose}{section.9}% 11
\BOOKMARK [2][-]{subsection.1.3}{Scope}{section.9}% 12
\BOOKMARK [2][-]{subsection.1.4}{Policy}{section.9}% 13
\BOOKMARK [3][-]{subsubsection.1.4.1}{Password\040Creation}{subsection.1.4}% 14
\BOOKMARK [3][-]{subsubsection.1.4.2}{Password\040Change}{subsection.1.4}% 15
\BOOKMARK [3][-]{subsubsection.1.4.3}{Password\040Protection}{subsection.1.4}% 16
\BOOKMARK [3][-]{subsubsection.1.4.4}{Password\040Construction\040Guidelines.}{subsection.1.4}% 17
\BOOKMARK [3][-]{subsubsection.1.4.5}{Multi-Factor\040Authentication}{subsection.1.4}% 18
\BOOKMARK [2][-]{subsection.1.5}{Policy\040Compliance}{section.9}% 19
\BOOKMARK [3][-]{subsubsection.1.5.1}{Compliance\040Measurement}{subsection.1.5}% 20
\BOOKMARK [3][-]{subsubsection.1.5.2}{Exceptions}{subsection.1.5}% 21
\BOOKMARK [3][-]{subsubsection.1.5.3}{Non-Compliance}{subsection.1.5}% 22
